D Using CPPUTILS: True
I Start importing onnx...
D ONNX model check failed, Exception: ValidationError("Your model ir_version is higher than the checker's.",)
I Current ONNX Model use ir_version 7 opset_version 14
W Please confirm that your onnx opset_version <= 11 (current opset_verison = 14)!!!
I Call RKNN onnx optimize fail, skip optimize
D Calc tensor Initializer_/conv_6_flatten/Constant_output_0 (2,)
D Calc tensor Initializer_onnx::MatMul_741 (128, 3)
D Calc tensor Initializer_onnx::MatMul_740 (512, 128)
D Calc tensor Initializer_onnx::PRelu_736 (512, 1, 1)
D Calc tensor Initializer_onnx::PRelu_735 (26, 1, 1)
D Calc tensor Initializer_onnx::PRelu_734 (26, 1, 1)
D Calc tensor Initializer_onnx::PRelu_733 (26, 1, 1)
D Calc tensor Initializer_onnx::PRelu_732 (26, 1, 1)
D Calc tensor Initializer_onnx::PRelu_731 (308, 1, 1)
D Calc tensor Initializer_onnx::PRelu_730 (308, 1, 1)
D Calc tensor Initializer_onnx::PRelu_729 (26, 1, 1)
D Calc tensor Initializer_onnx::PRelu_728 (26, 1, 1)
D Calc tensor Initializer_onnx::PRelu_727 (26, 1, 1)
D Calc tensor Initializer_onnx::PRelu_726 (26, 1, 1)
D Calc tensor Initializer_onnx::PRelu_725 (77, 1, 1)
D Calc tensor Initializer_onnx::PRelu_724 (77, 1, 1)
D Calc tensor Initializer_onnx::PRelu_723 (26, 1, 1)
D Calc tensor Initializer_onnx::PRelu_722 (26, 1, 1)
D Calc tensor Initializer_onnx::PRelu_721 (52, 1, 1)
D Calc tensor Initializer_onnx::PRelu_720 (52, 1, 1)
D Calc tensor Initializer_onnx::PRelu_719 (231, 1, 1)
D Calc tensor Initializer_onnx::PRelu_718 (231, 1, 1)
D Calc tensor Initializer_onnx::PRelu_717 (231, 1, 1)
D Calc tensor Initializer_onnx::PRelu_716 (231, 1, 1)
D Calc tensor Initializer_onnx::PRelu_715 (13, 1, 1)
D Calc tensor Initializer_onnx::PRelu_714 (13, 1, 1)
D Calc tensor Initializer_onnx::PRelu_713 (13, 1, 1)
D Calc tensor Initializer_onnx::PRelu_712 (13, 1, 1)
D Calc tensor Initializer_onnx::PRelu_711 (13, 1, 1)
D Calc tensor Initializer_onnx::PRelu_710 (13, 1, 1)
D Calc tensor Initializer_onnx::PRelu_709 (13, 1, 1)
D Calc tensor Initializer_onnx::PRelu_708 (13, 1, 1)
D Calc tensor Initializer_onnx::PRelu_707 (103, 1, 1)
D Calc tensor Initializer_onnx::PRelu_706 (103, 1, 1)
D Calc tensor Initializer_onnx::PRelu_705 (32, 1, 1)
D Calc tensor Initializer_onnx::PRelu_704 (32, 1, 1)
D Calc tensor Initializer_onnx::Conv_703 (512,)
D Calc tensor Initializer_onnx::Conv_702 (512, 1, 5, 5)
D Calc tensor Initializer_onnx::Conv_700 (512,)
D Calc tensor Initializer_onnx::Conv_699 (512, 128, 1, 1)
D Calc tensor Initializer_onnx::Conv_697 (128,)
D Calc tensor Initializer_onnx::Conv_696 (128, 26, 1, 1)
D Calc tensor Initializer_onnx::Conv_694 (26,)
D Calc tensor Initializer_onnx::Conv_693 (26, 1, 3, 3)
D Calc tensor Initializer_onnx::Conv_691 (26,)
D Calc tensor Initializer_onnx::Conv_690 (26, 128, 1, 1)
D Calc tensor Initializer_onnx::Conv_688 (128,)
D Calc tensor Initializer_onnx::Conv_687 (128, 26, 1, 1)
D Calc tensor Initializer_onnx::Conv_685 (26,)
D Calc tensor Initializer_onnx::Conv_684 (26, 1, 3, 3)
D Calc tensor Initializer_onnx::Conv_682 (26,)
D Calc tensor Initializer_onnx::Conv_681 (26, 128, 1, 1)
D Calc tensor Initializer_onnx::Conv_679 (128,)
D Calc tensor Initializer_onnx::Conv_678 (128, 308, 1, 1)
D Calc tensor Initializer_onnx::Conv_676 (308,)
D Calc tensor Initializer_onnx::Conv_675 (308, 1, 3, 3)
D Calc tensor Initializer_onnx::Conv_673 (308,)
D Calc tensor Initializer_onnx::Conv_672 (308, 128, 1, 1)
D Calc tensor Initializer_onnx::Conv_670 (128,)
D Calc tensor Initializer_onnx::Conv_669 (128, 26, 1, 1)
D Calc tensor Initializer_onnx::Conv_667 (26,)
D Calc tensor Initializer_onnx::Conv_666 (26, 1, 3, 3)
D Calc tensor Initializer_onnx::Conv_664 (26,)
D Calc tensor Initializer_onnx::Conv_663 (26, 128, 1, 1)
D Calc tensor Initializer_onnx::Conv_661 (128,)
D Calc tensor Initializer_onnx::Conv_660 (128, 26, 1, 1)
D Calc tensor Initializer_onnx::Conv_658 (26,)
D Calc tensor Initializer_onnx::Conv_657 (26, 1, 3, 3)
D Calc tensor Initializer_onnx::Conv_655 (26,)
D Calc tensor Initializer_onnx::Conv_654 (26, 128, 1, 1)
D Calc tensor Initializer_onnx::Conv_652 (128,)
D Calc tensor Initializer_onnx::Conv_651 (128, 77, 1, 1)
D Calc tensor Initializer_onnx::Conv_649 (77,)
D Calc tensor Initializer_onnx::Conv_648 (77, 1, 3, 3)
D Calc tensor Initializer_onnx::Conv_646 (77,)
D Calc tensor Initializer_onnx::Conv_645 (77, 128, 1, 1)
D Calc tensor Initializer_onnx::Conv_643 (128,)
D Calc tensor Initializer_onnx::Conv_642 (128, 26, 1, 1)
D Calc tensor Initializer_onnx::Conv_640 (26,)
D Calc tensor Initializer_onnx::Conv_639 (26, 1, 3, 3)
D Calc tensor Initializer_onnx::Conv_637 (26,)
D Calc tensor Initializer_onnx::Conv_636 (26, 128, 1, 1)
D Calc tensor Initializer_onnx::Conv_634 (128,)
D Calc tensor Initializer_onnx::Conv_633 (128, 52, 1, 1)
D Calc tensor Initializer_onnx::Conv_631 (52,)
D Calc tensor Initializer_onnx::Conv_630 (52, 1, 3, 3)
D Calc tensor Initializer_onnx::Conv_628 (52,)
D Calc tensor Initializer_onnx::Conv_627 (52, 128, 1, 1)
D Calc tensor Initializer_onnx::Conv_625 (128,)
D Calc tensor Initializer_onnx::Conv_624 (128, 231, 1, 1)
D Calc tensor Initializer_onnx::Conv_622 (231,)
D Calc tensor Initializer_onnx::Conv_621 (231, 1, 3, 3)
D Calc tensor Initializer_onnx::Conv_619 (231,)
D Calc tensor Initializer_onnx::Conv_618 (231, 128, 1, 1)
D Calc tensor Initializer_onnx::Conv_616 (128,)
D Calc tensor Initializer_onnx::Conv_615 (128, 231, 1, 1)
D Calc tensor Initializer_onnx::Conv_613 (231,)
D Calc tensor Initializer_onnx::Conv_612 (231, 1, 3, 3)
D Calc tensor Initializer_onnx::Conv_610 (231,)
D Calc tensor Initializer_onnx::Conv_609 (231, 64, 1, 1)
D Calc tensor Initializer_onnx::Conv_607 (64,)
D Calc tensor Initializer_onnx::Conv_606 (64, 13, 1, 1)
D Calc tensor Initializer_onnx::Conv_604 (13,)
D Calc tensor Initializer_onnx::Conv_603 (13, 1, 3, 3)
D Calc tensor Initializer_onnx::Conv_601 (13,)
D Calc tensor Initializer_onnx::Conv_600 (13, 64, 1, 1)
D Calc tensor Initializer_onnx::Conv_598 (64,)
D Calc tensor Initializer_onnx::Conv_597 (64, 13, 1, 1)
D Calc tensor Initializer_onnx::Conv_595 (13,)
D Calc tensor Initializer_onnx::Conv_594 (13, 1, 3, 3)
D Calc tensor Initializer_onnx::Conv_592 (13,)
D Calc tensor Initializer_onnx::Conv_591 (13, 64, 1, 1)
D Calc tensor Initializer_onnx::Conv_589 (64,)
D Calc tensor Initializer_onnx::Conv_588 (64, 13, 1, 1)
D Calc tensor Initializer_onnx::Conv_586 (13,)
D Calc tensor Initializer_onnx::Conv_585 (13, 1, 3, 3)
D Calc tensor Initializer_onnx::Conv_583 (13,)
D Calc tensor Initializer_onnx::Conv_582 (13, 64, 1, 1)
D Calc tensor Initializer_onnx::Conv_580 (64,)
D Calc tensor Initializer_onnx::Conv_579 (64, 13, 1, 1)
D Calc tensor Initializer_onnx::Conv_577 (13,)
D Calc tensor Initializer_onnx::Conv_576 (13, 1, 3, 3)
D Calc tensor Initializer_onnx::Conv_574 (13,)
D Calc tensor Initializer_onnx::Conv_573 (13, 64, 1, 1)
D Calc tensor Initializer_onnx::Conv_571 (64,)
D Calc tensor Initializer_onnx::Conv_570 (64, 103, 1, 1)
D Calc tensor Initializer_onnx::Conv_568 (103,)
D Calc tensor Initializer_onnx::Conv_567 (103, 1, 3, 3)
D Calc tensor Initializer_onnx::Conv_565 (103,)
D Calc tensor Initializer_onnx::Conv_564 (103, 32, 1, 1)
D Calc tensor Initializer_onnx::Conv_562 (32,)
D Calc tensor Initializer_onnx::Conv_561 (32, 1, 3, 3)
D Calc tensor Initializer_onnx::Conv_559 (32,)
D Calc tensor Initializer_onnx::Conv_558 (32, 3, 3, 3)
E Calc node Conv : /conv1/conv/Conv output shape fail
E Catch exception when loading onnx model: /tunm/work/InspireFace/resource/models_raw/_06_2_7_80x80_MiniFASNetV2.onnx!
E Traceback (most recent call last):
E   File "rknn/base/RKNNlib/onnx_ir/onnx_numpy_backend/shape_inference.py", line 65, in rknn.base.RKNNlib.onnx_ir.onnx_numpy_backend.shape_inference.infer_shape
E   File "rknn/base/RKNNlib/onnx_ir/onnx_numpy_backend/ops/conv.py", line 49, in rknn.base.RKNNlib.onnx_ir.onnx_numpy_backend.ops.conv.Conv
E   File "/usr/local/lib/python3.6/dist-packages/torch/__init__.py", line 535, in <module>
E     quantized_lstm = torch.ops.aten.quantized_lstm
E   File "/usr/local/lib/python3.6/dist-packages/torch/_ops.py", line 61, in __getattr__
E     op = torch._C._jit_get_operation(qualified_op_name)
E KeyboardInterrupt
E During handling of the above exception, another exception occurred:
E Traceback (most recent call last):
E   File "rknn/base/RKNNlib/app/importer/import_onnx.py", line 118, in rknn.base.RKNNlib.app.importer.import_onnx.Importonnx.run
E   File "rknn/base/RKNNlib/converter/convert_onnx.py", line 112, in rknn.base.RKNNlib.converter.convert_onnx.convert_onnx.__init__
E   File "rknn/base/RKNNlib/converter/convert_onnx.py", line 1062, in rknn.base.RKNNlib.converter.convert_onnx.convert_onnx._shape_inference
E   File "rknn/base/RKNNlib/onnx_ir/onnx_numpy_backend/shape_inference.py", line 70, in rknn.base.RKNNlib.onnx_ir.onnx_numpy_backend.shape_inference.infer_shape
E   File "rknn/api/rknn_log.py", line 323, in rknn.api.rknn_log.RKNNLog.e
E ValueError: Calc node Conv : /conv1/conv/Conv output shape fail
E Please feedback the detailed log file <log_feedback_to_the_rknn_toolkit_dev_team.log> to the RKNN Toolkit development team.
E You can also check github issues: https://github.com/rockchip-linux/rknn-toolkit/issues
